platform/android/build/outputs/logs/manifest-merger-debug-report.txt
-- Merging decision tree log ---
manifest
ADDED from AndroidManifest.xml:2:1
	package
		ADDED from AndroidManifest.xml:4:5
	android:versionName
		ADDED from AndroidManifest.xml:6:5
	xmlns:tools
		ADDED from AndroidManifest.xml:3:5
	android:versionCode
		ADDED from AndroidManifest.xml:5:5
		INJECTED from AndroidManifest.xml:0:0
		INJECTED from AndroidManifest.xml:0:0
	xmlns:android
		ADDED from AndroidManifest.xml:2:11
	android:installLocation
		ADDED from AndroidManifest.xml:7:5
uses-permission#android.permission.WRITE_EXTERNAL_STORAGE
ADDED from AndroidManifest.xml:8:2
MERGED from content-shell:authentication:unspecified:13:5
	android:name
		ADDED from AndroidManifest.xml:8:19
uses-permission#android.permission.INTERNET
ADDED from AndroidManifest.xml:9:2
MERGED from content-shell:authentication:unspecified:12:5
	android:name
		ADDED from AndroidManifest.xml:9:19
supports-screens
ADDED from AndroidManifest.xml:10:2
	android:largeScreens
		ADDED from AndroidManifest.xml:13:3
	android:smallScreens
		ADDED from AndroidManifest.xml:11:3
	android:normalScreens
		ADDED from AndroidManifest.xml:12:3
	android:anyDensity
		ADDED from AndroidManifest.xml:14:3
uses-sdk
ADDED from AndroidManifest.xml:15:2
MERGED from content-shell:authentication:unspecified:7:5
	android:targetSdkVersion
		ADDED from AndroidManifest.xml:15:39
		INJECTED from AndroidManifest.xml:0:0
		INJECTED from AndroidManifest.xml:0:0
	android:minSdkVersion
		ADDED from AndroidManifest.xml:15:12
		INJECTED from AndroidManifest.xml:0:0
		INJECTED from AndroidManifest.xml:0:0
application
ADDED from AndroidManifest.xml:16:2
MERGED from content-shell:authentication:unspecified:24:5
	android:screenOrientation
		ADDED from AndroidManifest.xml:22:3
	android:label
		ADDED from AndroidManifest.xml:18:3
		REJECTED from content-shell:authentication:unspecified:27:9
	android:hardwareAccelerated
		ADDED from AndroidManifest.xml:20:3
	android:configChanges
		ADDED from AndroidManifest.xml:23:9
	android:allowBackup
		ADDED from AndroidManifest.xml:21:3
		REJECTED from content-shell:authentication:unspecified:25:9
	android:icon
		ADDED from AndroidManifest.xml:19:3
		REJECTED from content-shell:authentication:unspecified:26:9
	android:theme
		ADDED from content-shell:authentication:unspecified:28:9
	tools:replace
		ADDED from AndroidManifest.xml:17:9
activity#com.artifex.mupdfdemo.MuPDFActivity
ADDED from AndroidManifest.xml:25:3
	android:screenOrientation
		ADDED from AndroidManifest.xml:29:4
	android:label
		ADDED from AndroidManifest.xml:27:4
	android:configChanges
		ADDED from AndroidManifest.xml:28:4
	android:theme
		ADDED from AndroidManifest.xml:30:4
	android:name
		ADDED from AndroidManifest.xml:26:4
intent-filter#android.intent.action.MAIN+android.intent.category.LAUNCHER
ADDED from AndroidManifest.xml:31:4
action#android.intent.action.MAIN
ADDED from AndroidManifest.xml:32:5
	android:name
		ADDED from AndroidManifest.xml:32:13
category#android.intent.category.LAUNCHER
ADDED from AndroidManifest.xml:33:5
	android:name
		ADDED from AndroidManifest.xml:33:15
uses-permission#android.permission.WAKE_LOCK
ADDED from content-shell:authentication:unspecified:11:5
	android:name
		ADDED from content-shell:authentication:unspecified:11:22
uses-permission#android.permission.RECEIVE_BOOT_COMPLETED
ADDED from content-shell:authentication:unspecified:14:5
	android:name
		ADDED from content-shell:authentication:unspecified:14:22
uses-permission#android.permission.GET_ACCOUNTS
ADDED from content-shell:authentication:unspecified:15:5
	android:name
		ADDED from content-shell:authentication:unspecified:15:22
uses-permission#android.permission.AUTHENTICATE_ACCOUNTS
ADDED from content-shell:authentication:unspecified:16:5
	android:name
		ADDED from content-shell:authentication:unspecified:16:22
uses-permission#android.permission.MANAGE_ACCOUNTS
ADDED from content-shell:authentication:unspecified:17:5
	android:name
		ADDED from content-shell:authentication:unspecified:17:22
uses-permission#android.permission.USE_CREDENTIALS
ADDED from content-shell:authentication:unspecified:18:5
	android:name
		ADDED from content-shell:authentication:unspecified:18:22
uses-permission#android.permission.WRITE_SETTINGS
ADDED from content-shell:authentication:unspecified:19:5
	android:name
		ADDED from content-shell:authentication:unspecified:19:22
uses-permission#android.permission.ACCESS_NETWORK_STATE
ADDED from content-shell:authentication:unspecified:20:5
	android:name
		ADDED from content-shell:authentication:unspecified:20:22
uses-permission#android.permission.ACCESS_WIFI_STATE
ADDED from content-shell:authentication:unspecified:21:5
	android:name
		ADDED from content-shell:authentication:unspecified:21:22
uses-permission#android.permission.CHANGE_WIFI_STATE
ADDED from content-shell:authentication:unspecified:22:5
	android:name
		ADDED from content-shell:authentication:unspecified:22:22
activity#com.on4today.authentication.activities.LoginActivity
ADDED from content-shell:authentication:unspecified:29:9
	android:screenOrientation
		ADDED from content-shell:authentication:unspecified:31:13
	android:theme
		ADDED from content-shell:authentication:unspecified:32:13
	android:name
		ADDED from content-shell:authentication:unspecified:30:13
activity#com.on4today.authentication.activities.SelectServerActivity
ADDED from content-shell:authentication:unspecified:39:9
	android:screenOrientation
		ADDED from content-shell:authentication:unspecified:44:13
	android:label
		ADDED from content-shell:authentication:unspecified:42:13
	android:noHistory
		ADDED from content-shell:authentication:unspecified:43:13
	android:configChanges
		ADDED from content-shell:authentication:unspecified:41:13
	android:theme
		ADDED from content-shell:authentication:unspecified:45:13
	android:name
		ADDED from content-shell:authentication:unspecified:40:13
service#com.on4today.authentication.services.AuthenticatorService
ADDED from content-shell:authentication:unspecified:48:9
	android:exported
		ADDED from content-shell:authentication:unspecified:50:13
	android:name
		ADDED from content-shell:authentication:unspecified:49:13
intent-filter#android.accounts.AccountAuthenticator
ADDED from content-shell:authentication:unspecified:51:13
action#android.accounts.AccountAuthenticator
ADDED from content-shell:authentication:unspecified:52:17
	android:name
		ADDED from content-shell:authentication:unspecified:52:25
meta-data#android.accounts.AccountAuthenticator
ADDED from content-shell:authentication:unspecified:55:13
	android:resource
		ADDED from content-shell:authentication:unspecified:57:17
	android:name
		ADDED from content-shell:authentication:unspecified:56:17
android:uses-permission#android.permission.READ_EXTERNAL_STORAGE
IMPLIED from AndroidManifest.xml:2:1 reason: com.on4today.authentication requested WRITE_EXTERNAL_STORAGE